<?xml version="1.0" encoding="UTF-8"?>
<!-- Generated by org.testng.reporters.JUnitReportReporter -->
<testsuite skipped="0" hostname="smruti-ThinkPad-X1-Carbon-3rd" name="website.testcase.product_flow" tests="1" failures="0" timestamp="24 Aug 2019 07:04:33 GMT" time="38.932" errors="0">
  <testcase name="verify_product" time="38.932" classname="website.testcase.product_flow"/>
</testsuite> <!-- website.testcase.product_flow -->
