<?xml version="1.0" encoding="UTF-8"?>
<!-- Generated by org.testng.reporters.JUnitReportReporter -->
<testsuite skipped="0" hostname="smruti-ThinkPad-X1-Carbon-3rd" name="website.testcase.mozilla_headless_setlocation" tests="1" failures="0" timestamp="2020-06-26T12:15:31 IST" time="3.693" errors="0">
  <testcase name="verifylocation" time="3.693" classname="website.testcase.mozilla_headless_setlocation"/>
  <system-out/>
</testsuite> <!-- website.testcase.mozilla_headless_setlocation -->
