<?xml version="1.0" encoding="UTF-8"?>
<!-- Generated by org.testng.reporters.JUnitReportReporter -->
<testsuite skipped="0" hostname="smruti-ThinkPad-X1-Carbon-3rd" name="website.testcase.mozilla_location" tests="1" failures="0" timestamp="24 Aug 2019 06:10:19 GMT" time="24.343" errors="0">
  <testcase name="verifymozilla_location" time="24.343" classname="website.testcase.mozilla_location"/>
</testsuite> <!-- website.testcase.mozilla_location -->
