<?xml version="1.0" encoding="UTF-8"?>
<!-- Generated by org.testng.reporters.JUnitReportReporter -->
<testsuite skipped="0" hostname="smruti-ThinkPad-X1-Carbon-3rd" name="website.testcase.mozilla_headless_setlocation" tests="1" failures="0" timestamp="24 Aug 2019 06:13:08 GMT" time="22.296" errors="0">
  <testcase name="verifylocation" time="22.296" classname="website.testcase.mozilla_headless_setlocation"/>
</testsuite> <!-- website.testcase.mozilla_headless_setlocation -->
