<?xml version="1.0" encoding="UTF-8"?>
<!-- Generated by org.testng.reporters.JUnitReportReporter -->
<testsuite skipped="0" hostname="smruti-ThinkPad-T440s" name="website.testcase.mozilla_location" tests="1" failures="0" timestamp="29 Jun 2019 05:08:48 GMT" time="22.499" errors="0">
  <testcase name="verifymozilla_location" time="22.499" classname="website.testcase.mozilla_location"/>
</testsuite> <!-- website.testcase.mozilla_location -->
