<?xml version="1.0" encoding="UTF-8"?>
<!-- Generated by org.testng.reporters.JUnitReportReporter -->
<testsuite skipped="0" hostname="smruti-ThinkPad-X1-Carbon-3rd" name="website.testcase.mozilla_location" tests="1" failures="0" timestamp="19 Jul 2019 10:50:42 GMT" time="22.347" errors="0">
  <testcase name="verifymozilla_location" time="22.347" classname="website.testcase.mozilla_location"/>
</testsuite> <!-- website.testcase.mozilla_location -->
