<?xml version="1.0" encoding="UTF-8"?>
<!-- Generated by org.testng.reporters.JUnitReportReporter -->
<testsuite skipped="0" hostname="smruti-ThinkPad-X1-Carbon-3rd" name="website.testcase.package_flow" tests="1" failures="0" timestamp="19 Jul 2019 12:55:44 GMT" time="39.230" errors="0">
  <testcase name="verify_package" time="39.230" classname="website.testcase.package_flow"/>
</testsuite> <!-- website.testcase.package_flow -->
