<?xml version="1.0" encoding="UTF-8"?>
<!-- Generated by org.testng.reporters.JUnitReportReporter -->
<testsuite skipped="0" hostname="smruti-ThinkPad-X1-Carbon-3rd" name="website.testcase.quick_flow" tests="1" failures="0" timestamp="19 Jul 2019 10:55:17 GMT" time="31.457" errors="0">
  <testcase name="verify_quick" time="31.457" classname="website.testcase.quick_flow"/>
</testsuite> <!-- website.testcase.quick_flow -->
