<?xml version="1.0" encoding="UTF-8"?>
<!-- Generated by org.testng.reporters.JUnitReportReporter -->
<testsuite skipped="0" hostname="smruti-ThinkPad-T440s" name="website.page.demo2" tests="1" failures="0" timestamp="28 Jun 2019 11:39:26 GMT" time="3.910" errors="0">
  <testcase name="verifycontact" time="3.910" classname="website.page.demo2"/>
</testsuite> <!-- website.page.demo2 -->
