<?xml version="1.0" encoding="UTF-8"?>
<!-- Generated by org.testng.reporters.JUnitReportReporter -->
<testsuite hostname="smruti-ThinkPad-T440s" name="website.testcase.mozilla_location" tests="1" failures="0" timestamp="29 Jun 2019 05:07:51 GMT" time="23.203" errors="0">
  <testcase name="verifymozilla_location" time="23.203" classname="website.testcase.mozilla_location"/>
</testsuite> <!-- website.testcase.mozilla_location -->
