<?xml version="1.0" encoding="UTF-8"?>
<!-- Generated by org.testng.reporters.JUnitReportReporter -->
<testsuite hostname="smruti-ThinkPad-T440s" name="website.page.demo5" tests="1" failures="0" timestamp="28 Jun 2019 11:47:20 GMT" time="12.778" errors="0">
  <testcase name="verifyfirefox" time="12.778" classname="website.page.demo5"/>
</testsuite> <!-- website.page.demo5 -->
