<?xml version="1.0" encoding="UTF-8"?>
<!-- Generated by org.testng.reporters.JUnitReportReporter -->
<testsuite hostname="smruti-ThinkPad-X1-Carbon-3rd" name="website.testcase.mozilla_headless_setlocation" tests="1" failures="0" timestamp="26 Jun 2020 07:42:08 GMT" time="4.487" errors="0">
  <testcase name="verifylocation" time="4.487" classname="website.testcase.mozilla_headless_setlocation"/>
</testsuite> <!-- website.testcase.mozilla_headless_setlocation -->
